{"/Users/poshika/Documents/ShopZee ChannelBlend/ShopZee/Backend/app.js": {"path":"/Users/poshika/Documents/ShopZee ChannelBlend/ShopZee/Backend/app.js","statementMap":{"0":{"start":{"line":1,"column":16},"end":{"line":1,"column":34}},"1":{"start":{"line":2,"column":13},"end":{"line":2,"column":28}},"2":{"start":{"line":3,"column":22},"end":{"line":3,"column":41}},"3":{"start":{"line":5,"column":12},"end":{"line":5,"column":21}},"4":{"start":{"line":6,"column":0},"end":{"line":6,"column":16}},"5":{"start":{"line":7,"column":0},"end":{"line":7,"column":24}},"6":{"start":{"line":8,"column":0},"end":{"line":8,"column":28}},"7":{"start":{"line":10,"column":0},"end":{"line":10,"column":21}}},"fnMap":{},"branchMap":{},"s":{"0":1,"1":1,"2":1,"3":1,"4":1,"5":1,"6":1,"7":1},"f":{},"b":{},"_coverageSchema":"1a1c01bbd47fc00a2c39e90264f33305004495a9","hash":"0d1de0b4d77d34c8687cbef5c6877694cc5bce4f"}
,"/Users/poshika/Documents/ShopZee ChannelBlend/ShopZee/Backend/mongodb.js": {"path":"/Users/poshika/Documents/ShopZee ChannelBlend/ShopZee/Backend/mongodb.js","statementMap":{"0":{"start":{"line":17,"column":17},"end":{"line":17,"column":36}},"1":{"start":{"line":18,"column":30},"end":{"line":18,"column":62}},"2":{"start":{"line":19,"column":22},"end":{"line":19,"column":41}},"3":{"start":{"line":24,"column":26},"end":{"line":40,"column":1}},"4":{"start":{"line":25,"column":4},"end":{"line":33,"column":5}},"5":{"start":{"line":26,"column":8},"end":{"line":26,"column":55}},"6":{"start":{"line":27,"column":20},"end":{"line":27,"column":40}},"7":{"start":{"line":28,"column":8},"end":{"line":28,"column":36}},"8":{"start":{"line":29,"column":8},"end":{"line":29,"column":54}},"9":{"start":{"line":31,"column":8},"end":{"line":31,"column":57}},"10":{"start":{"line":32,"column":8},"end":{"line":32,"column":44}},"11":{"start":{"line":35,"column":4},"end":{"line":39,"column":5}},"12":{"start":{"line":36,"column":8},"end":{"line":36,"column":67}},"13":{"start":{"line":38,"column":8},"end":{"line":38,"column":50}},"14":{"start":{"line":42,"column":22},"end":{"line":46,"column":1}},"15":{"start":{"line":43,"column":4},"end":{"line":43,"column":45}},"16":{"start":{"line":44,"column":4},"end":{"line":44,"column":38}},"17":{"start":{"line":45,"column":4},"end":{"line":45,"column":46}},"18":{"start":{"line":45,"column":21},"end":{"line":45,"column":46}},"19":{"start":{"line":48,"column":22},"end":{"line":53,"column":1}},"20":{"start":{"line":49,"column":24},"end":{"line":49,"column":55}},"21":{"start":{"line":50,"column":4},"end":{"line":52,"column":5}},"22":{"start":{"line":51,"column":8},"end":{"line":51,"column":44}},"23":{"start":{"line":55,"column":0},"end":{"line":55,"column":105}},"24":{"start":{"line":55,"column":91},"end":{"line":55,"column":102}}},"fnMap":{"0":{"name":"(anonymous_0)","decl":{"start":{"line":24,"column":26},"end":{"line":24,"column":27}},"loc":{"start":{"line":24,"column":37},"end":{"line":40,"column":1}},"line":24},"1":{"name":"(anonymous_1)","decl":{"start":{"line":42,"column":22},"end":{"line":42,"column":23}},"loc":{"start":{"line":42,"column":33},"end":{"line":46,"column":1}},"line":42},"2":{"name":"(anonymous_2)","decl":{"start":{"line":48,"column":22},"end":{"line":48,"column":23}},"loc":{"start":{"line":48,"column":33},"end":{"line":53,"column":1}},"line":48},"3":{"name":"(anonymous_3)","decl":{"start":{"line":55,"column":85},"end":{"line":55,"column":86}},"loc":{"start":{"line":55,"column":91},"end":{"line":55,"column":102}},"line":55}},"branchMap":{"0":{"loc":{"start":{"line":25,"column":4},"end":{"line":33,"column":5}},"type":"if","locations":[{"start":{"line":25,"column":4},"end":{"line":33,"column":5}},{"start":{"line":30,"column":10},"end":{"line":33,"column":5}}],"line":25},"1":{"loc":{"start":{"line":35,"column":4},"end":{"line":39,"column":5}},"type":"if","locations":[{"start":{"line":35,"column":4},"end":{"line":39,"column":5}},{"start":{"line":37,"column":11},"end":{"line":39,"column":5}}],"line":35},"2":{"loc":{"start":{"line":45,"column":4},"end":{"line":45,"column":46}},"type":"if","locations":[{"start":{"line":45,"column":4},"end":{"line":45,"column":46}},{"start":{},"end":{}}],"line":45}},"s":{"0":1,"1":1,"2":1,"3":1,"4":1,"5":1,"6":1,"7":1,"8":1,"9":0,"10":0,"11":1,"12":1,"13":0,"14":1,"15":1,"16":1,"17":1,"18":1,"19":1,"20":2,"21":2,"22":2,"23":1,"24":2},"f":{"0":1,"1":1,"2":2,"3":2},"b":{"0":[1,0],"1":[1,0],"2":[1,0]},"_coverageSchema":"1a1c01bbd47fc00a2c39e90264f33305004495a9","hash":"f7c8be346f651982e3c15de7a87959f417752235"}
,"/Users/poshika/Documents/ShopZee ChannelBlend/ShopZee/Backend/routes.js": {"path":"/Users/poshika/Documents/ShopZee ChannelBlend/ShopZee/Backend/routes.js","statementMap":{"0":{"start":{"line":1,"column":16},"end":{"line":1,"column":34}},"1":{"start":{"line":2,"column":28},"end":{"line":2,"column":48}},"2":{"start":{"line":4,"column":12},"end":{"line":4,"column":21}},"3":{"start":{"line":6,"column":0},"end":{"line":14,"column":3}},"4":{"start":{"line":7,"column":4},"end":{"line":13,"column":5}},"5":{"start":{"line":8,"column":28},"end":{"line":8,"column":45}},"6":{"start":{"line":9,"column":25},"end":{"line":9,"column":49}},"7":{"start":{"line":10,"column":8},"end":{"line":10,"column":39}},"8":{"start":{"line":12,"column":8},"end":{"line":12,"column":76}},"9":{"start":{"line":17,"column":0},"end":{"line":27,"column":3}},"10":{"start":{"line":18,"column":4},"end":{"line":26,"column":5}},"11":{"start":{"line":19,"column":28},"end":{"line":19,"column":45}},"12":{"start":{"line":20,"column":27},"end":{"line":20,"column":52}},"13":{"start":{"line":21,"column":8},"end":{"line":21,"column":32}},"14":{"start":{"line":22,"column":8},"end":{"line":22,"column":93}},"15":{"start":{"line":24,"column":8},"end":{"line":24,"column":54}},"16":{"start":{"line":25,"column":8},"end":{"line":25,"column":88}},"17":{"start":{"line":29,"column":0},"end":{"line":29,"column":21}}},"fnMap":{"0":{"name":"(anonymous_0)","decl":{"start":{"line":6,"column":21},"end":{"line":6,"column":22}},"loc":{"start":{"line":6,"column":41},"end":{"line":14,"column":1}},"line":6},"1":{"name":"(anonymous_1)","decl":{"start":{"line":17,"column":22},"end":{"line":17,"column":23}},"loc":{"start":{"line":17,"column":42},"end":{"line":27,"column":1}},"line":17}},"branchMap":{},"s":{"0":1,"1":1,"2":1,"3":1,"4":1,"5":1,"6":1,"7":1,"8":0,"9":1,"10":1,"11":1,"12":1,"13":1,"14":1,"15":0,"16":0,"17":1},"f":{"0":1,"1":1},"b":{},"_coverageSchema":"1a1c01bbd47fc00a2c39e90264f33305004495a9","hash":"d9a10be5f3c94656a39fe88c3536e709f2d99a6e"}
,"/Users/poshika/Documents/ShopZee ChannelBlend/ShopZee/Backend/schema.js": {"path":"/Users/poshika/Documents/ShopZee ChannelBlend/ShopZee/Backend/schema.js","statementMap":{"0":{"start":{"line":1,"column":17},"end":{"line":1,"column":36}},"1":{"start":{"line":3,"column":22},"end":{"line":15,"column":2}},"2":{"start":{"line":17,"column":0},"end":{"line":17,"column":31}}},"fnMap":{},"branchMap":{},"s":{"0":1,"1":1,"2":1},"f":{},"b":{},"_coverageSchema":"1a1c01bbd47fc00a2c39e90264f33305004495a9","hash":"67a3b3a06a9c3b61ecb24a690c6bc2bff8e4ede9"}
}
